<?xml version="1.0" encoding="UTF-8"?>
<testsuite name="testproject.AggregatorTest" tests="3" skipped="0" failures="0" errors="0" timestamp="2021-12-09T13:45:18" hostname="DESKTOP-O94A286" time="0.152">
  <properties/>
  <testcase name="testInitialState" classname="testproject.AggregatorTest" time="0.151"/>
  <testcase name="testMultipleAdditions" classname="testproject.AggregatorTest" time="0.0"/>
  <testcase name="testSingleAddition" classname="testproject.AggregatorTest" time="0.001"/>
  <system-out><![CDATA[]]></system-out>
  <system-err><![CDATA[]]></system-err>
</testsuite>
